<?xml version="1.0" encoding="UTF-8"?>
<testsuite xmlns:xsi="http://www.w3.org/2001/XMLSchema-instance" xsi:noNamespaceSchemaLocation="https://maven.apache.org/surefire/maven-surefire-plugin/xsd/surefire-test-report.xsd" version="3.0.2" name="com.jsontool.JsonServiceTest" time="0.197" tests="9" errors="0" skipped="0" failures="0" flakes="0">
  <properties>
[...]
</properties>
  <testcase name="validateInvalidJson" classname="JsonService Tests" time="0.137"/>
  <testcase name="formattedJsonIsIndented" classname="JsonService Tests" time="0.005"/>
  <testcase name="validateJsonPrimitives(String)[1]" classname="JsonService Tests" time="0.005"/>
  <testcase name="validateJsonPrimitives(String)[2]" classname="JsonService Tests" time="0.001"/>
  <testcase name="validateJsonPrimitives(String)[3]" classname="JsonService Tests" time="0.001"/>
  <testcase name="validateJsonPrimitives(String)[4]" classname="JsonService Tests" time="0.001"/>
  <testcase name="validateJsonPrimitives(String)[5]" classname="JsonService Tests" time="0.002"/>
  <testcase name="validateEmptyInput" classname="JsonService Tests" time="0.0"/>
  <testcase name="validateValidJson" classname="JsonService Tests" time="0.002"/>
</testsuite>